<?xml version="1.0" encoding="UTF-8"?>
<testsuite name="com.dto.way.notification.ApplicationTests" tests="1" skipped="0" failures="0" errors="0" timestamp="2024-05-19T06:10:02" hostname="DESKTOP-N0LCKCJ" time="1.249">
  <properties/>
  <testcase name="contextLoads()" classname="com.dto.way.notification.ApplicationTests" time="1.249"/>
  <system-out><![CDATA[15:09:55.215 [Test worker] INFO org.springframework.test.context.support.AnnotationConfigContextLoaderUtils -- Could not detect default configuration classes for test class [com.dto.way.notification.ApplicationTests]: ApplicationTests does not declare any static, non-private, non-final, nested classes annotated with @Configuration.
15:09:55.377 [Test worker] INFO org.springframework.boot.test.context.SpringBootTestContextBootstrapper -- Found @SpringBootConfiguration com.dto.way.notification.Application for test class com.dto.way.notification.ApplicationTests

  .   ____          _            __ _ _
 /\\ / ___'_ __ _ _(_)_ __  __ _ \ \ \ \
( ( )\___ | '_ | '_| | '_ \/ _` | \ \ \ \
 \\/  ___)| |_)| | | | | || (_| |  ) ) ) )
  '  |____| .__|_| |_|_| |_\__, | / / / /
 =========|_|==============|___/=/_/_/_/
 :: Spring Boot ::                (v3.2.5)

2024-05-19T15:09:56.247+09:00  INFO 20384 --- [way.notification] [    Test worker] c.dto.way.notification.ApplicationTests  : Starting ApplicationTests using Java 17.0.10 with PID 20384 (started by shc31 in C:\Users\shc31\Desktop\git_repositories\WAY_BE_NotificationService\way.notification)
2024-05-19T15:09:56.249+09:00  INFO 20384 --- [way.notification] [    Test worker] c.dto.way.notification.ApplicationTests  : No active profile set, falling back to 1 default profile: "default"
2024-05-19T15:09:57.529+09:00  INFO 20384 --- [way.notification] [    Test worker] .s.d.r.c.RepositoryConfigurationDelegate : Bootstrapping Spring Data MongoDB repositories in DEFAULT mode.
2024-05-19T15:09:57.665+09:00  INFO 20384 --- [way.notification] [    Test worker] .s.d.r.c.RepositoryConfigurationDelegate : Finished Spring Data repository scanning in 126 ms. Found 1 MongoDB repository interface.
2024-05-19T15:09:58.999+09:00  INFO 20384 --- [way.notification] [atf.mongodb.net] org.mongodb.driver.cluster               : Adding discovered server ac-u7ttfvx-shard-00-02.gqe0atf.mongodb.net:27017 to client view of cluster
2024-05-19T15:09:59.061+09:00  INFO 20384 --- [way.notification] [    Test worker] org.mongodb.driver.client                : MongoClient with metadata {"application": {"name": "DTO1"}, "driver": {"name": "mongo-java-driver|sync", "version": "4.11.2"}, "os": {"type": "Windows", "name": "Windows 10", "architecture": "amd64", "version": "10.0"}, "platform": "Java/Oracle Corporation/17.0.10+11-LTS-240"} created with settings MongoClientSettings{readPreference=primary, writeConcern=WriteConcern{w=majority, wTimeout=null ms, journal=null}, retryWrites=true, retryReads=true, readConcern=ReadConcern{level=null}, credential=MongoCredential{mechanism=null, userName='shc3113', source='admin', password=<hidden>, mechanismProperties=<hidden>}, transportSettings=null, streamFactoryFactory=null, commandListeners=[], codecRegistry=ProvidersCodecRegistry{codecProviders=[ValueCodecProvider{}, BsonValueCodecProvider{}, DBRefCodecProvider{}, DBObjectCodecProvider{}, DocumentCodecProvider{}, CollectionCodecProvider{}, IterableCodecProvider{}, MapCodecProvider{}, GeoJsonCodecProvider{}, GridFSFileCodecProvider{}, Jsr310CodecProvider{}, JsonObjectCodecProvider{}, BsonCodecProvider{}, EnumCodecProvider{}, com.mongodb.client.model.mql.ExpressionCodecProvider@45eab322, com.mongodb.Jep395RecordCodecProvider@f017dd0, com.mongodb.KotlinCodecProvider@2424cb9d]}, loggerSettings=LoggerSettings{maxDocumentLength=1000}, clusterSettings={hosts=[127.0.0.1:27017], srvHost=dto1.gqe0atf.mongodb.net, srvServiceName=mongodb, mode=MULTIPLE, requiredClusterType=REPLICA_SET, requiredReplicaSetName='atlas-an7257-shard-0', serverSelector='null', clusterListeners='[]', serverSelectionTimeout='30000 ms', localThreshold='15 ms'}, socketSettings=SocketSettings{connectTimeoutMS=10000, readTimeoutMS=0, receiveBufferSize=0, proxySettings=ProxySettings{host=null, port=null, username=null, password=null}}, heartbeatSocketSettings=SocketSettings{connectTimeoutMS=10000, readTimeoutMS=10000, receiveBufferSize=0, proxySettings=ProxySettings{host=null, port=null, username=null, password=null}}, connectionPoolSettings=ConnectionPoolSettings{maxSize=100, minSize=0, maxWaitTimeMS=120000, maxConnectionLifeTimeMS=0, maxConnectionIdleTimeMS=0, maintenanceInitialDelayMS=0, maintenanceFrequencyMS=60000, connectionPoolListeners=[], maxConnecting=2}, serverSettings=ServerSettings{heartbeatFrequencyMS=10000, minHeartbeatFrequencyMS=500, serverListeners='[]', serverMonitorListeners='[]'}, sslSettings=SslSettings{enabled=true, invalidHostNameAllowed=false, context=null}, applicationName='DTO1', compressorList=[], uuidRepresentation=UNSPECIFIED, serverApi=null, autoEncryptionSettings=null, dnsClient=null, inetAddressResolver=null, contextProvider=null}
2024-05-19T15:09:59.075+09:00  INFO 20384 --- [way.notification] [atf.mongodb.net] org.mongodb.driver.cluster               : Adding discovered server ac-u7ttfvx-shard-00-01.gqe0atf.mongodb.net:27017 to client view of cluster
2024-05-19T15:09:59.080+09:00  INFO 20384 --- [way.notification] [atf.mongodb.net] org.mongodb.driver.cluster               : Adding discovered server ac-u7ttfvx-shard-00-00.gqe0atf.mongodb.net:27017 to client view of cluster
2024-05-19T15:09:59.638+09:00  INFO 20384 --- [way.notification] [ngodb.net:27017] org.mongodb.driver.cluster               : Monitor thread successfully connected to server with description ServerDescription{address=ac-u7ttfvx-shard-00-00.gqe0atf.mongodb.net:27017, type=REPLICA_SET_SECONDARY, state=CONNECTED, ok=true, minWireVersion=0, maxWireVersion=21, maxDocumentSize=16777216, logicalSessionTimeoutMinutes=30, roundTripTimeNanos=315568800, setName='atlas-an7257-shard-0', canonicalAddress=ac-u7ttfvx-shard-00-00.gqe0atf.mongodb.net:27017, hosts=[ac-u7ttfvx-shard-00-00.gqe0atf.mongodb.net:27017, ac-u7ttfvx-shard-00-01.gqe0atf.mongodb.net:27017, ac-u7ttfvx-shard-00-02.gqe0atf.mongodb.net:27017], passives=[], arbiters=[], primary='ac-u7ttfvx-shard-00-02.gqe0atf.mongodb.net:27017', tagSet=TagSet{[Tag{name='availabilityZone', value='apne2-az1'}, Tag{name='diskState', value='READY'}, Tag{name='nodeType', value='ELECTABLE'}, Tag{name='provider', value='AWS'}, Tag{name='region', value='AP_NORTHEAST_2'}, Tag{name='workloadType', value='OPERATIONAL'}]}, electionId=null, setVersion=6, topologyVersion=TopologyVersion{processId=66425ff8be9fb868b3ef82d0, counter=5}, lastWriteDate=Sun May 19 15:09:59 KST 2024, lastUpdateTimeNanos=5287425977000}
2024-05-19T15:09:59.638+09:00  INFO 20384 --- [way.notification] [ngodb.net:27017] org.mongodb.driver.cluster               : Monitor thread successfully connected to server with description ServerDescription{address=ac-u7ttfvx-shard-00-01.gqe0atf.mongodb.net:27017, type=REPLICA_SET_SECONDARY, state=CONNECTED, ok=true, minWireVersion=0, maxWireVersion=21, maxDocumentSize=16777216, logicalSessionTimeoutMinutes=30, roundTripTimeNanos=314420800, setName='atlas-an7257-shard-0', canonicalAddress=ac-u7ttfvx-shard-00-01.gqe0atf.mongodb.net:27017, hosts=[ac-u7ttfvx-shard-00-00.gqe0atf.mongodb.net:27017, ac-u7ttfvx-shard-00-01.gqe0atf.mongodb.net:27017, ac-u7ttfvx-shard-00-02.gqe0atf.mongodb.net:27017], passives=[], arbiters=[], primary='ac-u7ttfvx-shard-00-02.gqe0atf.mongodb.net:27017', tagSet=TagSet{[Tag{name='availabilityZone', value='apne2-az3'}, Tag{name='diskState', value='READY'}, Tag{name='nodeType', value='ELECTABLE'}, Tag{name='provider', value='AWS'}, Tag{name='region', value='AP_NORTHEAST_2'}, Tag{name='workloadType', value='OPERATIONAL'}]}, electionId=null, setVersion=6, topologyVersion=TopologyVersion{processId=6642611fe67aee95baeef944, counter=5}, lastWriteDate=Sun May 19 15:09:59 KST 2024, lastUpdateTimeNanos=5287425993500}
2024-05-19T15:09:59.638+09:00  INFO 20384 --- [way.notification] [ngodb.net:27017] org.mongodb.driver.cluster               : Monitor thread successfully connected to server with description ServerDescription{address=ac-u7ttfvx-shard-00-02.gqe0atf.mongodb.net:27017, type=REPLICA_SET_PRIMARY, state=CONNECTED, ok=true, minWireVersion=0, maxWireVersion=21, maxDocumentSize=16777216, logicalSessionTimeoutMinutes=30, roundTripTimeNanos=317140000, setName='atlas-an7257-shard-0', canonicalAddress=ac-u7ttfvx-shard-00-02.gqe0atf.mongodb.net:27017, hosts=[ac-u7ttfvx-shard-00-00.gqe0atf.mongodb.net:27017, ac-u7ttfvx-shard-00-01.gqe0atf.mongodb.net:27017, ac-u7ttfvx-shard-00-02.gqe0atf.mongodb.net:27017], passives=[], arbiters=[], primary='ac-u7ttfvx-shard-00-02.gqe0atf.mongodb.net:27017', tagSet=TagSet{[Tag{name='availabilityZone', value='apne2-az2'}, Tag{name='diskState', value='READY'}, Tag{name='nodeType', value='ELECTABLE'}, Tag{name='provider', value='AWS'}, Tag{name='region', value='AP_NORTHEAST_2'}, Tag{name='workloadType', value='OPERATIONAL'}]}, electionId=7fffffff000000000000006f, setVersion=6, topologyVersion=TopologyVersion{processId=66425e8544a246c89358c9eb, counter=9}, lastWriteDate=Sun May 19 15:09:59 KST 2024, lastUpdateTimeNanos=5287426017800}
2024-05-19T15:09:59.647+09:00  INFO 20384 --- [way.notification] [ngodb.net:27017] org.mongodb.driver.cluster               : Discovered replica set primary ac-u7ttfvx-shard-00-02.gqe0atf.mongodb.net:27017 with max election id 7fffffff000000000000006f and max set version 6
2024-05-19T15:09:59.948+09:00  WARN 20384 --- [way.notification] [    Test worker] .s.s.UserDetailsServiceAutoConfiguration : 

Using generated security password: d00fd612-e8d4-4018-9cdf-4d93af1d20cd

This generated password is for development use only. Your security configuration must be updated before running your application in production.

2024-05-19T15:10:00.771+09:00  INFO 20384 --- [way.notification] [    Test worker] o.s.s.web.DefaultSecurityFilterChain     : Will secure any request with [org.springframework.security.web.context.request.async.WebAsyncManagerIntegrationFilter@5dacf18d, org.springframework.security.web.context.SecurityContextHolderFilter@5e7cd0df, org.springframework.security.web.header.HeaderWriterFilter@1dd44289, org.springframework.security.web.authentication.logout.LogoutFilter@70169464, com.dto.way.notification.global.filter.JwtAuthenticationFilter@432a6a69, org.springframework.security.web.authentication.www.BasicAuthenticationFilter@6106dfb6, org.springframework.security.web.savedrequest.RequestCacheAwareFilter@8b89b3a, org.springframework.security.web.servletapi.SecurityContextHolderAwareRequestFilter@526893f, org.springframework.security.web.authentication.AnonymousAuthenticationFilter@6f52a229, org.springframework.security.web.access.ExceptionTranslationFilter@58f50dd0, org.springframework.security.web.access.intercept.AuthorizationFilter@6c1e40d9]
2024-05-19T15:10:01.778+09:00  INFO 20384 --- [way.notification] [    Test worker] o.a.k.clients.consumer.ConsumerConfig    : ConsumerConfig values: 
	allow.auto.create.topics = true
	auto.commit.interval.ms = 5000
	auto.include.jmx.reporter = true
	auto.offset.reset = latest
	bootstrap.servers = [10.109.201.158:9092]
	check.crcs = true
	client.dns.lookup = use_all_dns_ips
	client.id = consumer-group_1-1
	client.rack = 
	connections.max.idle.ms = 540000
	default.api.timeout.ms = 60000
	enable.auto.commit = false
	exclude.internal.topics = true
	fetch.max.bytes = 52428800
	fetch.max.wait.ms = 500
	fetch.min.bytes = 1
	group.id = group_1
	group.instance.id = null
	heartbeat.interval.ms = 3000
	interceptor.classes = []
	internal.leave.group.on.close = true
	internal.throw.on.fetch.stable.offset.unsupported = false
	isolation.level = read_uncommitted
	key.deserializer = class org.apache.kafka.common.serialization.StringDeserializer
	max.partition.fetch.bytes = 1048576
	max.poll.interval.ms = 300000
	max.poll.records = 500
	metadata.max.age.ms = 300000
	metric.reporters = []
	metrics.num.samples = 2
	metrics.recording.level = INFO
	metrics.sample.window.ms = 30000
	partition.assignment.strategy = [class org.apache.kafka.clients.consumer.RangeAssignor, class org.apache.kafka.clients.consumer.CooperativeStickyAssignor]
	receive.buffer.bytes = 65536
	reconnect.backoff.max.ms = 1000
	reconnect.backoff.ms = 50
	request.timeout.ms = 30000
	retry.backoff.ms = 100
	sasl.client.callback.handler.class = null
	sasl.jaas.config = null
	sasl.kerberos.kinit.cmd = /usr/bin/kinit
	sasl.kerberos.min.time.before.relogin = 60000
	sasl.kerberos.service.name = null
	sasl.kerberos.ticket.renew.jitter = 0.05
	sasl.kerberos.ticket.renew.window.factor = 0.8
	sasl.login.callback.handler.class = null
	sasl.login.class = null
	sasl.login.connect.timeout.ms = null
	sasl.login.read.timeout.ms = null
	sasl.login.refresh.buffer.seconds = 300
	sasl.login.refresh.min.period.seconds = 60
	sasl.login.refresh.window.factor = 0.8
	sasl.login.refresh.window.jitter = 0.05
	sasl.login.retry.backoff.max.ms = 10000
	sasl.login.retry.backoff.ms = 100
	sasl.mechanism = GSSAPI
	sasl.oauthbearer.clock.skew.seconds = 30
	sasl.oauthbearer.expected.audience = null
	sasl.oauthbearer.expected.issuer = null
	sasl.oauthbearer.jwks.endpoint.refresh.ms = 3600000
	sasl.oauthbearer.jwks.endpoint.retry.backoff.max.ms = 10000
	sasl.oauthbearer.jwks.endpoint.retry.backoff.ms = 100
	sasl.oauthbearer.jwks.endpoint.url = null
	sasl.oauthbearer.scope.claim.name = scope
	sasl.oauthbearer.sub.claim.name = sub
	sasl.oauthbearer.token.endpoint.url = null
	security.protocol = PLAINTEXT
	security.providers = null
	send.buffer.bytes = 131072
	session.timeout.ms = 45000
	socket.connection.setup.timeout.max.ms = 30000
	socket.connection.setup.timeout.ms = 10000
	ssl.cipher.suites = null
	ssl.enabled.protocols = [TLSv1.2, TLSv1.3]
	ssl.endpoint.identification.algorithm = https
	ssl.engine.factory.class = null
	ssl.key.password = null
	ssl.keymanager.algorithm = SunX509
	ssl.keystore.certificate.chain = null
	ssl.keystore.key = null
	ssl.keystore.location = null
	ssl.keystore.password = null
	ssl.keystore.type = JKS
	ssl.protocol = TLSv1.3
	ssl.provider = null
	ssl.secure.random.implementation = null
	ssl.trustmanager.algorithm = PKIX
	ssl.truststore.certificates = null
	ssl.truststore.location = null
	ssl.truststore.password = null
	ssl.truststore.type = JKS
	value.deserializer = class org.springframework.kafka.support.serializer.JsonDeserializer

2024-05-19T15:10:02.131+09:00  INFO 20384 --- [way.notification] [    Test worker] o.a.kafka.common.utils.AppInfoParser     : Kafka version: 3.6.2
2024-05-19T15:10:02.135+09:00  INFO 20384 --- [way.notification] [    Test worker] o.a.kafka.common.utils.AppInfoParser     : Kafka commitId: c4deed513057c94e
2024-05-19T15:10:02.135+09:00  INFO 20384 --- [way.notification] [    Test worker] o.a.kafka.common.utils.AppInfoParser     : Kafka startTimeMs: 1716099002128
2024-05-19T15:10:02.143+09:00  INFO 20384 --- [way.notification] [    Test worker] fkaConsumerFactory$ExtendedKafkaConsumer : [Consumer clientId=consumer-group_1-1, groupId=group_1] Subscribed to topic(s): follow
2024-05-19T15:10:02.185+09:00  INFO 20384 --- [way.notification] [    Test worker] c.dto.way.notification.ApplicationTests  : Started ApplicationTests in 6.498 seconds (process running for 8.597)
]]></system-out>
  <system-err><![CDATA[]]></system-err>
</testsuite>
